<?xml version="1.0" encoding="UTF-8"?>
<!-- Generated by org.testng.reporters.JUnitXMLReporter -->
<testsuite ignored="0" hostname="LAPTOP-BL1B3UU3" failures="0" tests="4" name="Default test" time="18.403" errors="0" timestamp="2024-10-31T18:23:57 IST">
  <testcase classname="com.canaratechlabs.testcases.LoginTestScreener" name="doLogin" time="9.299"/>
  <testcase classname="com.canaratechlabs.testcases.LoginTestScreener" name="doLogin" time="9.017"/>
  <testcase classname="com.canaratechlabs.testcases.LoginTestScreener" name="doLogin" time="0.003">
    <skipped/>
  </testcase> <!-- doLogin -->
  <testcase classname="com.canaratechlabs.testcases.LoginTestScreener" name="doLogin" time="0.0">
    <skipped/>
  </testcase> <!-- doLogin -->
</testsuite> <!-- Default test -->
