<?xml version="1.0" encoding="UTF-8"?>
<!-- Generated by org.testng.reporters.JUnitXMLReporter -->
<testsuite ignored="3" hostname="LAPTOP-BL1B3UU3" failures="0" tests="4" name="LoginTest" time="18.97" errors="0" timestamp="2024-10-31T21:40:27 IST">
  <testcase classname="com.canaratechlabs.testcases.LoginTestScreener" name="doLogin" time="8.769"/>
  <testcase classname="com.canaratechlabs.testcases.LoginTestScreener" name="doLogin" time="8.982"/>
  <testcase classname="com.canaratechlabs.testcases.LoginTestScreener" name="doLogin" time="0.205">
    <skipped/>
  </testcase> <!-- doLogin -->
  <testcase classname="com.canaratechlabs.testcases.LoginTestScreener" name="doLogin" time="0.02">
    <skipped/>
  </testcase> <!-- doLogin -->
  <testcase classname="com.canaratechlabs.testcases.LoginTest" name="doLogin" time="0.0">
    <ignored/>
  </testcase> <!-- doLogin -->
  <testcase classname="com.canaratechlabs.base.BaseTest" name="@AfterSuite tearDown" time="0.0">
    <ignored/>
  </testcase> <!-- @AfterSuite tearDown -->
  <testcase classname="com.canaratechlabs.base.BaseTest" name="@BeforeSuite setUp" time="0.0">
    <ignored/>
  </testcase> <!-- @BeforeSuite setUp -->
</testsuite> <!-- LoginTest -->
