<?xml version="1.0" encoding="UTF-8"?>
<testsuite xmlns:xsi="http://www.w3.org/2001/XMLSchema-instance" xsi:noNamespaceSchemaLocation="https://maven.apache.org/surefire/maven-surefire-plugin/xsd/surefire-test-report.xsd" version="3.0.2" name="TestSuite" time="31.228" tests="5" errors="0" skipped="2" failures="0">
  <properties>
[...]
</properties>
  <testcase name="doLogin[{password=Raghu@19901, email=sannappack@gmail.com, runmode=Y}](1)" classname="com.canaratechlabs.testcases.LoginTestScreener" time="9.011">
    <system-out><![CDATA[Test started: doLogin
]]></system-out>
    <system-err><![CDATA[SLF4J(I): Connected with provider of type [org.slf4j.simple.SimpleServiceProvider]
ERROR StatusLogger Log4j2 could not find a logging implementation. Please add log4j-core to the classpath. Using SimpleLogger to log to the console...
Oct 31, 2024 9:40:07 PM org.openqa.selenium.devtools.CdpVersionFinder findNearestMatch
WARNING: Unable to find CDP implementation matching 129
Oct 31, 2024 9:40:07 PM org.openqa.selenium.chromium.ChromiumDriver lambda$new$5
WARNING: Unable to find version of CDP to use for 129.0.6668.103. You may need to include a dependency on a specific version of the CDP using something similar to `org.seleniumhq.selenium:selenium-devtools-v86:4.20.0` where the version ("v86") matches the version of the chromium-based browser you're using and the version number of the artifact is the same as Selenium's.
]]></system-err>
  </testcase>
  <testcase name="doLogin[{password=gfusydfsd, email=mahesh@gmail.com, runmode=Y}](2)" classname="com.canaratechlabs.testcases.LoginTestScreener" time="9.476">
    <system-out><![CDATA[Test started: doLogin
]]></system-out>
  </testcase>
  <testcase name="doLogin[{password=sdsjfbkd, email=radhika@gmail.com, runmode=N}](3)" classname="com.canaratechlabs.testcases.LoginTestScreener" time="0.0">
    <skipped message="Skipping the test case since run mode set to NO."/>
    <system-out><![CDATA[Test started: doLogin
]]></system-out>
  </testcase>
  <testcase name="doLogin[{password=sdnfjksd, email=vikipedia@gmail.com, runmode=N}](4)" classname="com.canaratechlabs.testcases.LoginTestScreener" time="0.0">
    <skipped message="Skipping the test case since run mode set to NO."/>
    <system-out><![CDATA[Test started: doLogin
]]></system-out>
  </testcase>
  <testcase name="openAccountTest[{Reenteremail=raghu@gturns.com, Password=Raghu@1990, Email=raghu@gturns.com}](1)" classname="com.canaratechlabs.testcases.OpenAccountTest" time="5.001">
    <system-out><![CDATA[Finished test suite: LoginTest
Test started: openAccountTest
]]></system-out>
  </testcase>
</testsuite>