<?xml version="1.0" encoding="UTF-8"?>
<!-- Generated by org.testng.reporters.JUnitXMLReporter -->
<testsuite ignored="3" hostname="LAPTOP-BL1B3UU3" failures="0" tests="1" name="LoginTest" time="6.7" errors="0" timestamp="2024-10-31T11:56:28 IST">
  <testcase classname="com.canaratechlabs.testcases.LoginTestScreener" name="doLogin" time="5.474"/>
  <testcase classname="com.canaratechlabs.base.BaseTest" name="@AfterSuite tearDown" time="0.0">
    <ignored/>
  </testcase> <!-- @AfterSuite tearDown -->
  <testcase classname="com.canaratechlabs.base.BaseTest" name="@BeforeSuite setUp" time="0.0">
    <ignored/>
  </testcase> <!-- @BeforeSuite setUp -->
  <testcase classname="com.canaratechlabs.testcases.LoginTest" name="doLogin" time="0.0">
    <ignored/>
  </testcase> <!-- doLogin -->
</testsuite> <!-- LoginTest -->
